\BOOKMARK [0][-]{chapter*.1}{\376\377\000L\036\334\000I\000\040\000C\036\242\000M\000\040\001\240\000N}{}% 1
\BOOKMARK [0][-]{chapter*.2}{\376\377\000T\000\323\000M\000\040\000T\036\256\000T}{}% 2
\BOOKMARK [0][-]{chapter*.3}{\376\377\000A\000B\000S\000T\000R\000A\000C\000T}{}% 3
\BOOKMARK [0][-]{chapter*.5}{\376\377\000D\000A\000N\000H\000\040\000M\036\344\000C\000\040\000H\000\314\000N\000H\000\040\036\242\000N\000H}{}% 4
\BOOKMARK [0][-]{chapter*.6}{\376\377\000D\000A\000N\000H\000\040\000M\036\344\000C\000\040\000B\036\242\000N\000G\000\040\000B\000I\036\302\000U}{}% 5
\BOOKMARK [0][-]{chapter*.7}{\376\377\000D\000A\000N\000H\000\040\000M\036\344\000C\000\040\000T\036\352\000\040\000V\000I\036\276\000T\000\040\000T\036\256\000T}{}% 6
\BOOKMARK [0][-]{chapter.1}{\376\377\000G\000I\036\332\000I\000\040\000T\000H\000I\036\306\000U}{}% 7
\BOOKMARK [1][-]{section.1.1}{\376\377\000B\036\321\000i\000\040\000c\036\243\000n\000h\000\040\000n\000g\000h\000i\000\352\000n\000\040\000c\036\351\000u}{chapter.1}% 8
\BOOKMARK [1][-]{section.1.2}{\376\377\000P\000h\000\341\000t\000\040\000b\000i\036\303\000u\000\040\000v\036\245\000n\000\040\001\021\036\301}{chapter.1}% 9
\BOOKMARK [1][-]{section.1.3}{\376\377\000M\036\345\000c\000\040\000t\000i\000\352\000u\000\040\000n\000g\000h\000i\000\352\000n\000\040\000c\036\351\000u}{chapter.1}% 10
\BOOKMARK [2][-]{subsection.1.3.1}{\376\377\000M\036\345\000c\000\040\000t\000i\000\352\000u\000\040\000t\036\325\000n\000g\000\040\000q\000u\000\341\000t}{section.1.3}% 11
\BOOKMARK [2][-]{subsection.1.3.2}{\376\377\000M\036\345\000c\000\040\000t\000i\000\352\000u\000\040\000c\036\345\000\040\000t\000h\036\303}{section.1.3}% 12
\BOOKMARK [1][-]{section.1.4}{\376\377\000\335\000\040\000n\000g\000h\001\051\000a\000\040\000n\000g\000h\000i\000\352\000n\000\040\000c\036\351\000u}{chapter.1}% 13
\BOOKMARK [2][-]{subsection.1.4.1}{\376\377\000\335\000\040\000n\000g\000h\001\051\000a\000\040\000k\000h\000o\000a\000\040\000h\036\315\000c}{section.1.4}% 14
\BOOKMARK [2][-]{subsection.1.4.2}{\376\377\000\335\000\040\000n\000g\000h\001\051\000a\000\040\000t\000h\036\361\000c\000\040\000t\000i\036\305\000n}{section.1.4}% 15
\BOOKMARK [1][-]{section.1.5}{\376\377\000P\000h\036\241\000m\000\040\000v\000i\000\040\000v\000\340\000\040\000g\000i\036\333\000i\000\040\000h\036\241\000n}{chapter.1}% 16
\BOOKMARK [2][-]{subsection.1.5.1}{\376\377\000P\000h\036\241\000m\000\040\000v\000i\000\040\000n\000g\000h\000i\000\352\000n\000\040\000c\036\351\000u}{section.1.5}% 17
\BOOKMARK [2][-]{subsection.1.5.2}{\376\377\000G\000i\036\333\000i\000\040\000h\036\241\000n\000\040\000n\000g\000h\000i\000\352\000n\000\040\000c\036\351\000u}{section.1.5}% 18
\BOOKMARK [1][-]{section.1.6}{\376\377\000C\036\245\000u\000\040\000t\000r\000\372\000c\000\040\000l\000u\036\255\000n\000\040\000v\001\003\000n}{chapter.1}% 19
\BOOKMARK [1][-]{section.1.7}{\376\377\000T\000\340\000i\000\040\000l\000i\036\307\000u\000\040\000t\000h\000a\000m\000\040\000k\000h\036\243\000o\000\040\000C\000h\001\260\001\241\000n\000g\000\040\0001}{chapter.1}% 20
\BOOKMARK [0][-]{chapter.2}{\376\377\000T\036\324\000N\000G\000\040\000Q\000U\000A\000N\000\040\000T\000\300\000I\000\040\000L\000I\036\306\000U}{}% 21
\BOOKMARK [1][-]{section.2.1}{\376\377\000G\000i\000a\000o\000\040\000t\000h\036\351\000c\000\040\000S\000S\000H\000\040\000v\000\340\000\040\000c\001\241\000\040\000c\000h\036\277\000\040\000x\000\341\000c\000\040\000t\000h\036\361\000c}{chapter.2}% 22
\BOOKMARK [2][-]{subsection.2.1.1}{\376\377\000T\036\325\000n\000g\000\040\000q\000u\000a\000n\000\040\000v\036\301\000\040\000g\000i\000a\000o\000\040\000t\000h\036\351\000c\000\040\000S\000S\000H}{section.2.1}% 23
\BOOKMARK [2][-]{subsection.2.1.2}{\376\377\000C\001\241\000\040\000c\000h\036\277\000\040\000x\000\341\000c\000\040\000t\000h\036\361\000c\000\040\000m\036\255\000t\000\040\000k\000h\036\251\000u\000\040\000v\000\340\000\040\001\021\000i\036\303\000m\000\040\000y\036\277\000u}{section.2.1}% 24
\BOOKMARK [2][-]{subsection.2.1.3}{\376\377\000N\000h\036\255\000t\000\040\000k\000\375\000\040\000S\000S\000H\000\040\000v\000\340\000\040\000t\000h\000\364\000n\000g\000\040\000t\000i\000n\000\040\000h\036\357\000u\000\040\000\355\000c\000h\000\040\000c\000h\000o\000\040\000p\000h\000\341\000t\000\040\000h\000i\036\307\000n\000\040\000t\036\245\000n\000\040\000c\000\364\000n\000g}{section.2.1}% 25
\BOOKMARK [1][-]{section.2.2}{\376\377\000P\000h\000\342\000n\000\040\000l\000o\036\241\000i\000\040\000t\036\245\000n\000\040\000c\000\364\000n\000g\000\040\000B\000r\000u\000t\000e\000-\000f\000o\000r\000c\000e}{chapter.2}% 26
\BOOKMARK [2][-]{subsection.2.2.1}{\376\377\001\020\036\313\000n\000h\000\040\000n\000g\000h\001\051\000a\000\040\000v\000\340\000\040\000n\000g\000u\000y\000\352\000n\000\040\000l\000\375}{section.2.2}% 27
\BOOKMARK [2][-]{subsection.2.2.2}{\376\377\000C\000\341\000c\000\040\000b\000i\036\277\000n\000\040\000t\000h\036\303\000\040\000t\036\245\000n\000\040\000c\000\364\000n\000g\000\040\000b\000r\000u\000t\000e\000-\000f\000o\000r\000c\000e\000\040\000S\000S\000H}{section.2.2}% 28
\BOOKMARK [2][-]{subsection.2.2.3}{\376\377\000C\000\364\000n\000g\000\040\000c\036\345\000\040\000t\036\245\000n\000\040\000c\000\364\000n\000g\000\040\000p\000h\036\325\000\040\000b\000i\036\277\000n}{section.2.2}% 29
\BOOKMARK [1][-]{section.2.3}{\376\377\000C\000\341\000c\000\040\000p\000h\001\260\001\241\000n\000g\000\040\000p\000h\000\341\000p\000\040\000p\000h\000\341\000t\000\040\000h\000i\036\307\000n\000\040\000t\000r\000u\000y\036\301\000n\000\040\000t\000h\036\321\000n\000g}{chapter.2}% 30
\BOOKMARK [2][-]{subsection.2.3.1}{\376\377\000P\000h\001\260\001\241\000n\000g\000\040\000p\000h\000\341\000p\000\040\000d\036\361\000a\000\040\000t\000r\000\352\000n\000\040\000n\000g\001\260\036\341\000n\000g\000\040\000t\001\051\000n\000h\000\040\000\050\000S\000t\000a\000t\000i\000c\000\040\000t\000h\000r\000e\000s\000h\000o\000l\000d\000-\000b\000a\000s\000e\000d\000\051}{section.2.3}% 31
\BOOKMARK [2][-]{subsection.2.3.2}{\376\377\000P\000h\001\260\001\241\000n\000g\000\040\000p\000h\000\341\000p\000\040\000d\036\361\000a\000\040\000t\000r\000\352\000n\000\040\000d\000a\000n\000h\000\040\000s\000\341\000c\000h\000\040\000\050\000L\000i\000s\000t\000-\000b\000a\000s\000e\000d\000\051}{section.2.3}% 32
\BOOKMARK [2][-]{subsection.2.3.3}{\376\377\000P\000h\001\260\001\241\000n\000g\000\040\000p\000h\000\341\000p\000\040\000d\036\361\000a\000\040\000t\000r\000\352\000n\000\040\000c\000h\036\357\000\040\000k\000\375\000\040\000\050\000S\000i\000g\000n\000a\000t\000u\000r\000e\000-\000b\000a\000s\000e\000d\000\051}{section.2.3}% 33
\BOOKMARK [2][-]{subsection.2.3.4}{\376\377\000P\000h\001\260\001\241\000n\000g\000\040\000p\000h\000\341\000p\000\040\000x\000\341\000c\000\040\000t\000h\036\361\000c\000\040\000n\000\342\000n\000g\000\040\000c\000a\000o}{section.2.3}% 34
\BOOKMARK [1][-]{section.2.4}{\376\377\000H\036\315\000c\000\040\000m\000\341\000y\000\040\000t\000r\000o\000n\000g\000\040\000p\000h\000\341\000t\000\040\000h\000i\036\307\000n\000\040\000x\000\342\000m\000\040\000n\000h\036\255\000p}{chapter.2}% 35
\BOOKMARK [2][-]{subsection.2.4.1}{\376\377\000T\036\325\000n\000g\000\040\000q\000u\000a\000n\000\040\000v\036\301\000\040\036\351\000n\000g\000\040\000d\036\345\000n\000g\000\040\000h\036\315\000c\000\040\000m\000\341\000y\000\040\000t\000r\000o\000n\000g\000\040\000a\000n\000\040\000n\000i\000n\000h\000\040\000m\036\241\000n\000g}{section.2.4}% 36
\BOOKMARK [2][-]{subsection.2.4.2}{\376\377\000L\000\375\000\040\000d\000o\000\040\000c\000h\036\315\000n\000\040\000p\000h\001\260\001\241\000n\000g\000\040\000p\000h\000\341\000p\000\040\000p\000h\000\341\000t\000\040\000h\000i\036\307\000n\000\040\000b\036\245\000t\000\040\000t\000h\001\260\036\335\000n\000g\000\040\000k\000h\000\364\000n\000g\000\040\000g\000i\000\341\000m\000\040\000s\000\341\000t}{section.2.4}% 37
\BOOKMARK [1][-]{section.2.5}{\376\377\000C\000\341\000c\000\040\000t\000h\000u\036\255\000t\000\040\000t\000o\000\341\000n\000\040\000p\000h\000\341\000t\000\040\000h\000i\036\307\000n\000\040\000b\036\245\000t\000\040\000t\000h\001\260\036\335\000n\000g}{chapter.2}% 38
\BOOKMARK [2][-]{subsection.2.5.1}{\376\377\000I\000s\000o\000l\000a\000t\000i\000o\000n\000\040\000F\000o\000r\000e\000s\000t\000\040\000\050\000I\000F\000\051}{section.2.5}% 39
\BOOKMARK [2][-]{subsection.2.5.2}{\376\377\000L\000o\000c\000a\000l\000\040\000O\000u\000t\000l\000i\000e\000r\000\040\000F\000a\000c\000t\000o\000r\000\040\000\050\000L\000O\000F\000\051}{section.2.5}% 40
\BOOKMARK [2][-]{subsection.2.5.3}{\376\377\000O\000n\000e\000-\000C\000l\000a\000s\000s\000\040\000S\000u\000p\000p\000o\000r\000t\000\040\000V\000e\000c\000t\000o\000r\000\040\000M\000a\000c\000h\000i\000n\000e\000\040\000\050\000O\000C\000S\000V\000M\000\051}{section.2.5}% 41
\BOOKMARK [2][-]{subsection.2.5.4}{\376\377\000S\000o\000\040\000s\000\341\000n\000h\000\040\000b\000a\000\040\000t\000h\000u\036\255\000t\000\040\000t\000o\000\341\000n}{section.2.5}% 42
\BOOKMARK [1][-]{section.2.6}{\376\377\000P\000h\001\260\001\241\000n\000g\000\040\000p\000h\000\341\000p\000\040\000n\000g\001\260\036\341\000n\000g\000\040\001\021\036\331\000n\000g\000\040\000t\000r\000o\000n\000g\000\040\000p\000h\000\341\000t\000\040\000h\000i\036\307\000n\000\040\000b\036\245\000t\000\040\000t\000h\001\260\036\335\000n\000g}{chapter.2}% 43
\BOOKMARK [2][-]{subsection.2.6.1}{\376\377\000H\036\241\000n\000\040\000c\000h\036\277\000\040\000c\036\347\000a\000\040\000n\000g\001\260\036\341\000n\000g\000\040\000t\001\051\000n\000h}{section.2.6}% 44
\BOOKMARK [2][-]{subsection.2.6.2}{\376\377\000E\000x\000p\000o\000n\000e\000n\000t\000i\000a\000l\000l\000y\000\040\000W\000e\000i\000g\000h\000t\000e\000d\000\040\000M\000o\000v\000i\000n\000g\000\040\000A\000v\000e\000r\000a\000g\000e\000\040\000\050\000E\000W\000M\000A\000\051}{section.2.6}% 45
\BOOKMARK [2][-]{subsection.2.6.3}{\376\377\000A\000d\000a\000p\000t\000i\000v\000e\000\040\000P\000e\000r\000c\000e\000n\000t\000i\000l\000e}{section.2.6}% 46
\BOOKMARK [2][-]{subsection.2.6.4}{\376\377\000P\000h\001\260\001\241\000n\000g\000\040\000p\000h\000\341\000p\000\040\000k\036\277\000t\000\040\000h\036\343\000p\000\040\000E\000W\000M\000A\000-\000A\000d\000a\000p\000t\000i\000v\000e\000\040\000P\000e\000r\000c\000e\000n\000t\000i\000l\000e}{section.2.6}% 47
\BOOKMARK [1][-]{section.2.7}{\376\377\000E\000L\000K\000\040\000S\000t\000a\000c\000k\000\040\000c\000h\000o\000\040\000g\000i\000\341\000m\000\040\000s\000\341\000t\000\040\000a\000n\000\040\000n\000i\000n\000h}{chapter.2}% 48
\BOOKMARK [2][-]{subsection.2.7.1}{\376\377\000T\036\325\000n\000g\000\040\000q\000u\000a\000n\000\040\000v\036\301\000\040\000E\000L\000K\000\040\000S\000t\000a\000c\000k}{section.2.7}% 49
\BOOKMARK [2][-]{subsection.2.7.2}{\376\377\000E\000L\000K\000\040\000S\000t\000a\000c\000k\000\040\000t\000r\000o\000n\000g\000\040\000S\000e\000c\000u\000r\000i\000t\000y\000\040\000O\000p\000e\000r\000a\000t\000i\000o\000n\000s}{section.2.7}% 50
\BOOKMARK [2][-]{subsection.2.7.3}{\376\377\000T\000\355\000c\000h\000\040\000h\036\343\000p\000\040\000A\000I\000\040\000v\036\333\000i\000\040\000E\000L\000K\000\040\000S\000t\000a\000c\000k}{section.2.7}% 51
\BOOKMARK [1][-]{section.2.8}{\376\377\000C\000\341\000c\000\040\000c\000\364\000n\000g\000\040\000t\000r\000\354\000n\000h\000\040\000n\000g\000h\000i\000\352\000n\000\040\000c\036\351\000u\000\040\000l\000i\000\352\000n\000\040\000q\000u\000a\000n}{chapter.2}% 52
\BOOKMARK [2][-]{subsection.2.8.1}{\376\377\000N\000g\000h\000i\000\352\000n\000\040\000c\036\351\000u\000\040\000q\000u\036\321\000c\000\040\000t\036\277}{section.2.8}% 53
\BOOKMARK [2][-]{subsection.2.8.2}{\376\377\000N\000g\000h\000i\000\352\000n\000\040\000c\036\351\000u\000\040\000t\000r\000o\000n\000g\000\040\000n\001\260\036\333\000c}{section.2.8}% 54
\BOOKMARK [2][-]{subsection.2.8.3}{\376\377\000B\036\243\000n\000g\000\040\000s\000o\000\040\000s\000\341\000n\000h\000\040\000t\036\325\000n\000g\000\040\000h\036\343\000p}{section.2.8}% 55
\BOOKMARK [1][-]{section.2.9}{\376\377\001\020\000\363\000n\000g\000\040\000g\000\363\000p\000\040\000n\000g\000h\000i\000\352\000n\000\040\000c\036\351\000u\000\040\000v\000\340\000\040\000k\000h\000o\036\243\000n\000g\000\040\000t\000r\036\321\000n\000g\000\040\000n\000g\000h\000i\000\352\000n\000\040\000c\036\351\000u}{chapter.2}% 56
\BOOKMARK [2][-]{subsection.2.9.1}{\376\377\000X\000\341\000c\000\040\001\021\036\313\000n\000h\000\040\000k\000h\000o\036\243\000n\000g\000\040\000t\000r\036\321\000n\000g\000\040\000n\000g\000h\000i\000\352\000n\000\040\000c\036\351\000u}{section.2.9}% 57
\BOOKMARK [2][-]{subsection.2.9.2}{\376\377\001\020\000\363\000n\000g\000\040\000g\000\363\000p\000\040\000c\036\347\000a\000\040\000n\000g\000h\000i\000\352\000n\000\040\000c\036\351\000u\000\040\000n\000\340\000y}{section.2.9}% 58
\BOOKMARK [2][-]{subsection.2.9.3}{\376\377\001\020\036\313\000n\000h\000\040\000v\036\313\000\040\000n\000g\000h\000i\000\352\000n\000\040\000c\036\351\000u}{section.2.9}% 59
\BOOKMARK [1][-]{section.2.10}{\376\377\000T\000\340\000i\000\040\000l\000i\036\307\000u\000\040\000t\000h\000a\000m\000\040\000k\000h\036\243\000o\000\040\000C\000h\001\260\001\241\000n\000g\000\040\0002}{chapter.2}% 60
\BOOKMARK [0][-]{chapter.3}{\376\377\000P\000H\001\257\001\240\000N\000G\000\040\000P\000H\000\301\000P\000\040\000N\000G\000H\000I\000\312\000N\000\040\000C\036\350\000U}{}% 61
\BOOKMARK [1][-]{section.3.1}{\376\377\000K\000i\036\277\000n\000\040\000t\000r\000\372\000c\000\040\000t\036\325\000n\000g\000\040\000t\000h\036\303\000\040\000h\036\307\000\040\000t\000h\036\321\000n\000g}{chapter.3}% 62
\BOOKMARK [1][-]{section.3.2}{\376\377\000T\000h\000u\000\040\000t\000h\036\255\000p\000\040\000d\036\357\000\040\000l\000i\036\307\000u}{chapter.3}% 63
\BOOKMARK [2][-]{subsection.3.2.1}{\376\377\000N\000g\000u\036\323\000n\000\040\000d\036\357\000\040\000l\000i\036\307\000u}{section.3.2}% 64
